[0m[[0m[0mdebug[0m] [0m[0m> Exec(__runWatch console0, Some(1efe85e9-bcc3-4508-bd74-23c1fe442750), Some(CommandSource(console0)))[0m
[0m[[0m[0mdebug[0m] [0m[0m> Exec(sbtStashOnFailure, None, Some(CommandSource(console0)))[0m
[0m[[0m[0mdebug[0m] [0m[0m> Exec(__preWatch console0, None, Some(CommandSource(console0)))[0m
[0m[[0m[0mdebug[0m] [0m[0m> Exec(fastOptJS/webpack, None, Some(CommandSource(console0)))[0m
[0m[[0m[0mdebug[0m] [0m[0mEvaluating tasks: elodinJS / Compile / fastOptJS / webpack[0m
[0m[[0m[0mdebug[0m] [0m[0mRunning task... Cancel: Signal, check cycles: false, forcegc: true[0m
[0m[[0m[0minfo[0m] [0m[0mcompiling 1 Scala source to /Users/shana/Desktop/delete/Research/lineage-based-cad-referencing-web/js/target/scala-3.2.1/classes ...[0m
[0m[[0m[31merror[0m] [0m[0m[31m[31m-- [E018] Syntax Error: /Users/shana/Desktop/delete/Research/lineage-based-cad-referencing-web/js/src/main/scala/elodin/opt/main.scala:244:33 [0m[0m[0m
[0m[[0m[31merror[0m] [0m[0m[31m244 |[0m      print([31m"PROGRAM TEXT IS "[0m + )[0m
[0m[[0m[31merror[0m] [0m[0m[31m[31m    |[0m                                 ^[0m[0m
[0m[[0m[31merror[0m] [0m[0m[31m    |[0m                                 expression expected but [31m')'[0m found[0m
[0m[[0m[31merror[0m] [0m[0m[31m    |[0m[0m
[0m[[0m[31merror[0m] [0m[0m[31m    |[0m longer explanation available when compiling with `-explain`[0m
[0m[[0m[31merror[0m] [0m[0mone error found[0m
[0m[[0m[0mdebug[0m] [0m[0mGlobal IR cache stats: reused: 0 -- invalidated: 0 -- trees read: 0[0m
[0m[[0m[0mdebug[0m] [0m[0mForcing garbage collection...[0m
[0m[[0m[31merror[0m] [0m[0m(elodinJS / Compile / [31mcompileIncremental[0m) Compilation failed[0m
[0m[[0m[31merror[0m] [0m[0mTotal time: 1 s, completed Jan 9, 2024, 12:34:01 AM[0m
[0m[[0m[0mdebug[0m] [0m[0m> Exec(resumeFromFailure, None, Some(CommandSource(console0)))[0m
[0m[[0m[0mdebug[0m] [0m[0m> Exec(sbtPopOnFailure, None, Some(CommandSource(console0)))[0m
[0m[[0m[0mdebug[0m] [0m[0m> Exec(__postWatch console0, None, Some(CommandSource(console0)))[0m
[0m[[0m[0mdebug[0m] [0m[0m> Exec(resumeFromFailure, None, None)[0m
[0m[[0m[0mdebug[0m] [0m[0m> Exec(__waitWatch console0, None, None)[0m
