[0m[[0m[0mdebug[0m] [0m[0m> Exec(__runWatch console0, Some(b231a572-0363-4ba1-bf80-ae3852e46e00), Some(CommandSource(console0)))[0m
[0m[[0m[0mdebug[0m] [0m[0m> Exec(sbtStashOnFailure, None, Some(CommandSource(console0)))[0m
[0m[[0m[0mdebug[0m] [0m[0m> Exec(__preWatch console0, None, Some(CommandSource(console0)))[0m
[0m[[0m[0mdebug[0m] [0m[0m> Exec(fastOptJS/webpack, None, Some(CommandSource(console0)))[0m
[0m[[0m[0mdebug[0m] [0m[0mEvaluating tasks: elodinJS / Compile / fastOptJS / webpack[0m
[0m[[0m[0mdebug[0m] [0m[0mRunning task... Cancel: Signal, check cycles: false, forcegc: true[0m
[0m[[0m[0minfo[0m] [0m[0mcompiling 1 Scala source to /Users/shana/Desktop/delete/Research/lineage-based-cad-referencing-web/js/target/scala-3.2.1/classes ...[0m
[0m[[0m[31merror[0m] [0m[0m[31m[31m-- [E008] Not Found Error: /Users/shana/Desktop/delete/Research/lineage-based-cad-referencing-web/js/src/main/scala/elodin/opt/render3d.scala:708:24 [0m[0m[0m
[0m[[0m[31merror[0m] [0m[0m[31m708 |[0m    pointer.x = ( event.clientX / window.innerWidth ) * [31m2[0m - [31m1[0m;[0m
[0m[[0m[31merror[0m] [0m[0m[31m[31m    |[0m                  ^^^^^^^^^^^^^[0m[0m
[0m[[0m[31merror[0m] [0m[0m[31m    |[0m                  value clientX is not a member of MouseEvent[0m
[0m[[0m[31merror[0m] [0m[0m[31m[31m-- [E008] Not Found Error: /Users/shana/Desktop/delete/Research/lineage-based-cad-referencing-web/js/src/main/scala/elodin/opt/render3d.scala:709:26 [0m[0m[0m
[0m[[0m[31merror[0m] [0m[0m[31m709 |[0m    pointer.y = - ( event.clientY / window.innerHeight ) * [31m2[0m + [31m1[0m;[0m
[0m[[0m[31merror[0m] [0m[0m[31m[31m    |[0m                    ^^^^^^^^^^^^^[0m[0m
[0m[[0m[31merror[0m] [0m[0m[31m    |[0m                    value clientY is not a member of MouseEvent[0m
[0m[[0m[31merror[0m] [0m[0mtwo errors found[0m
[0m[[0m[0mdebug[0m] [0m[0mGlobal IR cache stats: reused: 0 -- invalidated: 0 -- trees read: 0[0m
[0m[[0m[31merror[0m] [0m[0m(elodinJS / Compile / [31mcompileIncremental[0m) Compilation failed[0m
[0m[[0m[31merror[0m] [0m[0mTotal time: 0 s, completed Jan 18, 2024, 11:49:49 AM[0m
[0m[[0m[0mdebug[0m] [0m[0m> Exec(resumeFromFailure, None, Some(CommandSource(console0)))[0m
[0m[[0m[0mdebug[0m] [0m[0m> Exec(sbtPopOnFailure, None, Some(CommandSource(console0)))[0m
[0m[[0m[0mdebug[0m] [0m[0m> Exec(__postWatch console0, None, Some(CommandSource(console0)))[0m
[0m[[0m[0mdebug[0m] [0m[0m> Exec(resumeFromFailure, None, None)[0m
[0m[[0m[0mdebug[0m] [0m[0m> Exec(__waitWatch console0, None, None)[0m
